  lab13-bottomup-slr.cpp
D:\Academic\7th Semester\CIT-411 Compiler Design & Automata Theory\LAB_Exam\SLBC\Msd\lab13-bottomup-slr.cpp(157,14): error C2440: '=': cannot convert from 'const char [4]' to 'char *'
D:\Academic\7th Semester\CIT-411 Compiler Design & Automata Theory\LAB_Exam\SLBC\Msd\lab13-bottomup-slr.cpp(157,14): message : Conversion from string literal loses const qualifier (see /Zc:strictStrings)
D:\Academic\7th Semester\CIT-411 Compiler Design & Automata Theory\LAB_Exam\SLBC\Msd\lab13-bottomup-slr.cpp(163,14): error C2440: '=': cannot convert from 'const char [2]' to 'char *'
D:\Academic\7th Semester\CIT-411 Compiler Design & Automata Theory\LAB_Exam\SLBC\Msd\lab13-bottomup-slr.cpp(163,14): message : Conversion from string literal loses const qualifier (see /Zc:strictStrings)
D:\Academic\7th Semester\CIT-411 Compiler Design & Automata Theory\LAB_Exam\SLBC\Msd\lab13-bottomup-slr.cpp(169,14): error C2440: '=': cannot convert from 'const char [4]' to 'char *'
D:\Academic\7th Semester\CIT-411 Compiler Design & Automata Theory\LAB_Exam\SLBC\Msd\lab13-bottomup-slr.cpp(169,14): message : Conversion from string literal loses const qualifier (see /Zc:strictStrings)
D:\Academic\7th Semester\CIT-411 Compiler Design & Automata Theory\LAB_Exam\SLBC\Msd\lab13-bottomup-slr.cpp(175,14): error C2440: '=': cannot convert from 'const char [2]' to 'char *'
D:\Academic\7th Semester\CIT-411 Compiler Design & Automata Theory\LAB_Exam\SLBC\Msd\lab13-bottomup-slr.cpp(175,14): message : Conversion from string literal loses const qualifier (see /Zc:strictStrings)
D:\Academic\7th Semester\CIT-411 Compiler Design & Automata Theory\LAB_Exam\SLBC\Msd\lab13-bottomup-slr.cpp(181,14): error C2440: '=': cannot convert from 'const char [4]' to 'char *'
D:\Academic\7th Semester\CIT-411 Compiler Design & Automata Theory\LAB_Exam\SLBC\Msd\lab13-bottomup-slr.cpp(181,14): message : Conversion from string literal loses const qualifier (see /Zc:strictStrings)
D:\Academic\7th Semester\CIT-411 Compiler Design & Automata Theory\LAB_Exam\SLBC\Msd\lab13-bottomup-slr.cpp(187,14): error C2440: '=': cannot convert from 'const char [2]' to 'char *'
D:\Academic\7th Semester\CIT-411 Compiler Design & Automata Theory\LAB_Exam\SLBC\Msd\lab13-bottomup-slr.cpp(187,14): message : Conversion from string literal loses const qualifier (see /Zc:strictStrings)
D:\Academic\7th Semester\CIT-411 Compiler Design & Automata Theory\LAB_Exam\SLBC\Msd\lab13-bottomup-slr.cpp(193,15): error C2440: '=': cannot convert from 'const char [2]' to 'char *'
D:\Academic\7th Semester\CIT-411 Compiler Design & Automata Theory\LAB_Exam\SLBC\Msd\lab13-bottomup-slr.cpp(193,15): message : Conversion from string literal loses const qualifier (see /Zc:strictStrings)
D:\Academic\7th Semester\CIT-411 Compiler Design & Automata Theory\LAB_Exam\SLBC\Msd\lab13-bottomup-slr.cpp(251,1): warning C4552: '+': result of expression not used
D:\Academic\7th Semester\CIT-411 Compiler Design & Automata Theory\LAB_Exam\SLBC\Msd\lab13-bottomup-slr.cpp(253,4): error C4996: 'scanf': This function or variable may be unsafe. Consider using scanf_s instead. To disable deprecation, use _CRT_SECURE_NO_WARNINGS. See online help for details.
  lab15-threeadress.cpp
D:\Academic\7th Semester\CIT-411 Compiler Design & Automata Theory\LAB_Exam\SLBC\Msd\lab15-threeadress.cpp(9,1): warning C4326: return type of 'main' should be 'int' instead of 'void'
D:\Academic\7th Semester\CIT-411 Compiler Design & Automata Theory\LAB_Exam\SLBC\Msd\lab15-threeadress.cpp(20,14): warning C4267: '=': conversion from 'size_t' to 'int', possible loss of data
D:\Academic\7th Semester\CIT-411 Compiler Design & Automata Theory\LAB_Exam\SLBC\Msd\lab15-threeadress.cpp(39,14): warning C4267: '=': conversion from 'size_t' to 'int', possible loss of data
D:\Academic\7th Semester\CIT-411 Compiler Design & Automata Theory\LAB_Exam\SLBC\Msd\lab15-threeadress.cpp(82,1): error C2059: syntax error: '}'
D:\Academic\7th Semester\CIT-411 Compiler Design & Automata Theory\LAB_Exam\SLBC\Msd\lab15-threeadress.cpp(14,1): error C4996: 'scanf': This function or variable may be unsafe. Consider using scanf_s instead. To disable deprecation, use _CRT_SECURE_NO_WARNINGS. See online help for details.
D:\Academic\7th Semester\CIT-411 Compiler Design & Automata Theory\LAB_Exam\SLBC\Msd\lab15-threeadress.cpp(19,1): error C4996: 'scanf': This function or variable may be unsafe. Consider using scanf_s instead. To disable deprecation, use _CRT_SECURE_NO_WARNINGS. See online help for details.
D:\Academic\7th Semester\CIT-411 Compiler Design & Automata Theory\LAB_Exam\SLBC\Msd\lab15-threeadress.cpp(27,1): error C4996: 'strncat': This function or variable may be unsafe. Consider using strncat_s instead. To disable deprecation, use _CRT_SECURE_NO_WARNINGS. See online help for details.
D:\Academic\7th Semester\CIT-411 Compiler Design & Automata Theory\LAB_Exam\SLBC\Msd\lab15-threeadress.cpp(28,1): error C4996: 'strrev': The POSIX name for this item is deprecated. Instead, use the ISO C and C++ conformant name: _strrev. See online help for details.
D:\Academic\7th Semester\CIT-411 Compiler Design & Automata Theory\LAB_Exam\SLBC\Msd\lab15-threeadress.cpp(30,1): error C4996: 'strncat': This function or variable may be unsafe. Consider using strncat_s instead. To disable deprecation, use _CRT_SECURE_NO_WARNINGS. See online help for details.
D:\Academic\7th Semester\CIT-411 Compiler Design & Automata Theory\LAB_Exam\SLBC\Msd\lab15-threeadress.cpp(31,1): error C4996: 'strrev': The POSIX name for this item is deprecated. Instead, use the ISO C and C++ conformant name: _strrev. See online help for details.
D:\Academic\7th Semester\CIT-411 Compiler Design & Automata Theory\LAB_Exam\SLBC\Msd\lab15-threeadress.cpp(37,1): error C4996: 'scanf': This function or variable may be unsafe. Consider using scanf_s instead. To disable deprecation, use _CRT_SECURE_NO_WARNINGS. See online help for details.
D:\Academic\7th Semester\CIT-411 Compiler Design & Automata Theory\LAB_Exam\SLBC\Msd\lab15-threeadress.cpp(38,1): error C4996: 'strcpy': This function or variable may be unsafe. Consider using strcpy_s instead. To disable deprecation, use _CRT_SECURE_NO_WARNINGS. See online help for details.
D:\Academic\7th Semester\CIT-411 Compiler Design & Automata Theory\LAB_Exam\SLBC\Msd\lab15-threeadress.cpp(67,1): error C4996: 'scanf': This function or variable may be unsafe. Consider using scanf_s instead. To disable deprecation, use _CRT_SECURE_NO_WARNINGS. See online help for details.
D:\Academic\7th Semester\CIT-411 Compiler Design & Automata Theory\LAB_Exam\SLBC\Msd\lab15-threeadress.cpp(87,1): error C4996: 'strrev': The POSIX name for this item is deprecated. Instead, use the ISO C and C++ conformant name: _strrev. See online help for details.
D:\Academic\7th Semester\CIT-411 Compiler Design & Automata Theory\LAB_Exam\SLBC\Msd\lab15-threeadress.cpp(89,1): error C4996: 'strncat': This function or variable may be unsafe. Consider using strncat_s instead. To disable deprecation, use _CRT_SECURE_NO_WARNINGS. See online help for details.
D:\Academic\7th Semester\CIT-411 Compiler Design & Automata Theory\LAB_Exam\SLBC\Msd\lab15-threeadress.cpp(90,1): error C4996: 'strrev': The POSIX name for this item is deprecated. Instead, use the ISO C and C++ conformant name: _strrev. See online help for details.
D:\Academic\7th Semester\CIT-411 Compiler Design & Automata Theory\LAB_Exam\SLBC\Msd\lab15-threeadress.cpp(95,1): error C4996: 'strncat': This function or variable may be unsafe. Consider using strncat_s instead. To disable deprecation, use _CRT_SECURE_NO_WARNINGS. See online help for details.
D:\Academic\7th Semester\CIT-411 Compiler Design & Automata Theory\LAB_Exam\SLBC\Msd\lab15-threeadress.cpp(100,1): error C4996: 'strncat': This function or variable may be unsafe. Consider using strncat_s instead. To disable deprecation, use _CRT_SECURE_NO_WARNINGS. See online help for details.
  Lab1_Identifier_Keyword.cpp
  Generating Code...
